<?xml version="1.0" encoding="UTF-8"?>
<!-- Generated by org.testng.reporters.JUnitReportReporter -->
<testsuite hostname="LAPTOP-O84P5ERU" failures="0" tests="1" name="auto.testwebrestaurantstore.webRestaurantStoreTest" time="52.162" errors="0" timestamp="2021-10-15T13:43:38 IST" skipped="0">
  <testcase classname="auto.testwebrestaurantstore.webRestaurantStoreTest" name="testClickForJSAlert" time="52.162"/>
</testsuite> <!-- auto.testwebrestaurantstore.webRestaurantStoreTest -->
