<?xml version="1.0" encoding="UTF-8"?>
<!-- Generated by org.testng.reporters.JUnitReportReporter -->
<testsuite hostname="LAPTOP-O84P5ERU" failures="0" tests="1" name="auto.test.WebstaurantTest" time="59.164" errors="0" timestamp="2021-10-23T15:30:36 IST" skipped="0">
  <testcase classname="auto.test.WebstaurantTest" name="webstaurantStore" time="59.164"/>
</testsuite> <!-- auto.test.WebstaurantTest -->
