<?xml version="1.0" encoding="UTF-8"?>
<!-- Generated by org.testng.reporters.JUnitReportReporter -->
<testsuite hostname="LAPTOP-O84P5ERU" failures="0" tests="1" name="auto.testcases.TestWelcomePage" time="23.998" errors="0" timestamp="2021-09-10T02:21:57 IST" skipped="0">
  <testcase classname="auto.testcases.TestWelcomePage" name="testWelcomePage" time="23.998"/>
</testsuite> <!-- auto.testcases.TestWelcomePage -->
