<?xml version="1.0" encoding="UTF-8"?>
<!-- Generated by org.testng.reporters.JUnitReportReporter -->
<testsuite hostname="LAPTOP-O84P5ERU" failures="0" tests="1" name="auto.testcases.test" time="53.909" errors="0" timestamp="2021-10-15T03:45:03 IST" skipped="0">
  <testcase classname="auto.testcases.test" name="testClickForJSAlert" time="53.909"/>
</testsuite> <!-- auto.testcases.test -->
