<?xml version="1.0" encoding="UTF-8"?>
<!-- Generated by org.testng.reporters.JUnitReportReporter -->
<testsuite hostname="LAPTOP-O84P5ERU" failures="0" tests="1" name="auto.testcases.TestDragAndDrop" time="13.713" errors="0" timestamp="2021-09-10T02:24:01 IST" skipped="0">
  <testcase classname="auto.testcases.TestDragAndDrop" name="testDragAndDrop" time="13.713"/>
</testsuite> <!-- auto.testcases.TestDragAndDrop -->
